<?xml version="1.0" encoding="UTF-8"?>
<testng-results skipped="1" failed="0" ignored="0" total="1" passed="0">
  <reporter-output>
    <line>
      <![CDATA[<div style="display:block;margin-left:10px;"><div  class="warn"><span class="warn-label">W </span>Given user open google search engine1 :: Not Found.</div><div  class="teststep"><span class="teststep-label">T </span>And search for any product</div><div  class="teststep"><span class="teststep-label">T </span>Then veryfy product page is opening</div></div>]]>
    </line>
  </reporter-output>
  <suite name="QAS Demo" duration-ms="266" started-at="2017-08-18T06:11:16Z" finished-at="2017-08-18T06:11:16Z">
    <groups>
      <group name="SMOKE">
        <method signature="scenarios.suite1.bdd.SampleTest()[pri:1000, instance:com.qmetry.qaf.automation.step.client.Scenario@3e8]" name="SampleTest" class="com.qmetry.qaf.automation.step.client.Scenario"/>
      </group> <!-- SMOKE -->
    </groups>
    <test name="BDD Test" duration-ms="266" started-at="2017-08-18T06:11:16Z" finished-at="2017-08-18T06:11:16Z">
      <class name="com.qmetry.qaf.automation.step.client.Scenario">
        <test-method status="PASS" signature="setupSuit(org.testng.ITestContext)[pri:0, instance:com.qmetry.qaf.automation.step.client.Scenario@3e8]" test-instance-name="SampleTest" name="setupSuit" is-config="true" duration-ms="15" started-at="2017-08-18T11:41:16Z" finished-at="2017-08-18T11:41:16Z">
          <params>
            <param index="0">
              <value>
                <![CDATA[org.testng.TestRunner@15bb6bea]]>
              </value>
            </param>
          </params>
          <reporter-output>
          </reporter-output>
        </test-method> <!-- setupSuit -->
        <test-method status="PASS" signature="setupTest(org.testng.ITestContext)[pri:0, instance:com.qmetry.qaf.automation.step.client.Scenario@3e8]" test-instance-name="SampleTest" name="setupTest" is-config="true" duration-ms="0" started-at="2017-08-18T11:41:16Z" finished-at="2017-08-18T11:41:16Z">
          <params>
            <param index="0">
              <value>
                <![CDATA[org.testng.TestRunner@15bb6bea]]>
              </value>
            </param>
          </params>
          <reporter-output>
          </reporter-output>
        </test-method> <!-- setupTest -->
        <test-method status="PASS" signature="setupMethod(java.lang.reflect.Method, org.testng.ITestContext)[pri:0, instance:com.qmetry.qaf.automation.step.client.Scenario@3e8]" test-instance-name="SampleTest" name="setupMethod" is-config="true" duration-ms="0" started-at="2017-08-18T11:41:16Z" finished-at="2017-08-18T11:41:16Z">
          <params>
            <param index="0">
              <value>
                <![CDATA[public void com.qmetry.qaf.automation.step.client.Scenario.scenario()]]>
              </value>
            </param>
            <param index="1">
              <value>
                <![CDATA[org.testng.TestRunner@15bb6bea]]>
              </value>
            </param>
          </params>
          <reporter-output>
          </reporter-output>
        </test-method> <!-- setupMethod -->
        <test-method status="PASS" signature="setup(org.testng.ITestContext)[pri:0, instance:com.qmetry.qaf.automation.step.client.Scenario@3e8]" test-instance-name="SampleTest" name="setup" is-config="true" duration-ms="0" started-at="2017-08-18T11:41:16Z" finished-at="2017-08-18T11:41:16Z">
          <params>
            <param index="0">
              <value>
                <![CDATA[org.testng.TestRunner@15bb6bea]]>
              </value>
            </param>
          </params>
          <reporter-output>
          </reporter-output>
        </test-method> <!-- setup -->
        <test-method status="SKIP" signature="SampleTest()[pri:1000, instance:com.qmetry.qaf.automation.step.client.Scenario@3e8]" test-instance-name="SampleTest" name="SampleTest" duration-ms="219" started-at="2017-08-18T11:41:16Z" description="Sample Test Scenario" finished-at="2017-08-18T11:41:16Z">
          <exception class="com.qmetry.qaf.automation.step.StepNotFoundException">
            <message>
              <![CDATA[Given user open google search engine1@scenarios/suite1.bdd#6 TestStep implementation not found. 
 Please provide implementation or ensure 'step.provider.pkg' property value includes appropriate package.]]>
            </message>
            <full-stacktrace>
              <![CDATA[com.qmetry.qaf.automation.step.StepNotFoundException: Given user open google search engine1@scenarios/suite1.bdd#6 TestStep implementation not found. 
 Please provide implementation or ensure 'step.provider.pkg' property value includes appropriate package.
	at .Given user open google search engine1(scenarios/suite1.bdd:6)
]]>
            </full-stacktrace>
          </exception> <!-- com.qmetry.qaf.automation.step.StepNotFoundException -->
          <reporter-output>
            <line>
              <![CDATA[<div style="display:block;margin-left:10px;"><div  class="warn"><span class="warn-label">W </span>Given user open google search engine1 :: Not Found.</div><div  class="teststep"><span class="teststep-label">T </span>And search for any product</div><div  class="teststep"><span class="teststep-label">T </span>Then veryfy product page is opening</div></div>]]>
            </line>
          </reporter-output>
        </test-method> <!-- SampleTest -->
        <test-method status="PASS" signature="afterMethod(org.testng.ITestContext, org.testng.ITestResult)[pri:0, instance:com.qmetry.qaf.automation.step.client.Scenario@3e8]" test-instance-name="SampleTest" name="afterMethod" is-config="true" duration-ms="16" started-at="2017-08-18T11:41:16Z" finished-at="2017-08-18T11:41:16Z">
          <params>
            <param index="0">
              <value>
                <![CDATA[org.testng.TestRunner@15bb6bea]]>
              </value>
            </param>
            <param index="1">
              <value>
                <![CDATA[[TestResult name=SampleTest status=SKIP method=scenarios.suite1.bdd.SampleTest()[pri:1000, instance:com.qmetry.qaf.automation.step.client.Scenario@3e8] output=<div style="display:block;margin-left:10px;"><div  class="warn"><span class="warn-label">W </span>Given user open google search engine1 :: Not Found.</div><div  class="teststep"><span class="teststep-label">T </span>And search for any product</div><div  class="teststep"><span class="teststep-label">T </span>Then veryfy product page is opening</div></div>]]]>
              </value>
            </param>
          </params>
          <reporter-output>
          </reporter-output>
        </test-method> <!-- afterMethod -->
        <test-method status="PASS" signature="afterTest(org.testng.ITestContext)[pri:0, instance:com.qmetry.qaf.automation.step.client.Scenario@3e8]" test-instance-name="SampleTest" name="afterTest" is-config="true" duration-ms="0" started-at="2017-08-18T11:41:16Z" finished-at="2017-08-18T11:41:16Z">
          <params>
            <param index="0">
              <value>
                <![CDATA[org.testng.TestRunner@15bb6bea]]>
              </value>
            </param>
          </params>
          <reporter-output>
          </reporter-output>
        </test-method> <!-- afterTest -->
        <test-method status="PASS" signature="afterClass(org.testng.ITestContext)[pri:0, instance:com.qmetry.qaf.automation.step.client.Scenario@3e8]" test-instance-name="SampleTest" name="afterClass" is-config="true" duration-ms="0" started-at="2017-08-18T11:41:16Z" finished-at="2017-08-18T11:41:16Z">
          <params>
            <param index="0">
              <value>
                <![CDATA[org.testng.TestRunner@15bb6bea]]>
              </value>
            </param>
          </params>
          <reporter-output>
          </reporter-output>
        </test-method> <!-- afterClass -->
        <test-method status="PASS" signature="afterSuit(org.testng.ITestContext)[pri:0, instance:com.qmetry.qaf.automation.step.client.Scenario@3e8]" test-instance-name="SampleTest" name="afterSuit" is-config="true" duration-ms="0" started-at="2017-08-18T11:41:16Z" finished-at="2017-08-18T11:41:16Z">
          <params>
            <param index="0">
              <value>
                <![CDATA[org.testng.TestRunner@15bb6bea]]>
              </value>
            </param>
          </params>
          <reporter-output>
          </reporter-output>
        </test-method> <!-- afterSuit -->
      </class> <!-- com.qmetry.qaf.automation.step.client.Scenario -->
    </test> <!-- BDD Test -->
  </suite> <!-- QAS Demo -->
</testng-results>
